<?xml version="1.0" encoding="UTF-8"?>
<testng-results ignored="0" total="4" passed="3" failed="1" skipped="0">
  <reporter-output>
  </reporter-output>
  <suite started-at="2021-05-10T10:14:42Z" name="CartaxCheckSuite" finished-at="2021-05-10T10:16:10Z" duration-ms="88193">
    <groups>
    </groups>
    <test started-at="2021-05-10T10:14:42Z" name="Test" finished-at="2021-05-10T10:16:10Z" duration-ms="88193">
      <class name="co.uk.cartaxcheck.tests.FreeCarCheckTests">
        <test-method is-config="true" signature="initiateReporting(java.lang.String)[pri:0, instance:co.uk.cartaxcheck.tests.FreeCarCheckTests@68e5eea7]" started-at="2021-05-10T10:14:41Z" name="initiateReporting" finished-at="2021-05-10T10:14:42Z" duration-ms="595" status="PASS">
          <params>
            <param index="0">
              <value>
                <![CDATA[chrome]]>
              </value>
            </param>
          </params>
          <reporter-output>
          </reporter-output>
        </test-method> <!-- initiateReporting -->
        <test-method is-config="true" signature="setUp(java.lang.String, java.lang.String)[pri:0, instance:co.uk.cartaxcheck.tests.FreeCarCheckTests@68e5eea7]" started-at="2021-05-10T10:14:42Z" name="setUp" finished-at="2021-05-10T10:15:13Z" duration-ms="31350" status="PASS">
          <params>
            <param index="0">
              <value>
                <![CDATA[chrome]]>
              </value>
            </param>
            <param index="1">
              <value>
                <![CDATA[https://cartaxcheck.co.uk/]]>
              </value>
            </param>
          </params>
          <reporter-output>
          </reporter-output>
        </test-method> <!-- setUp -->
        <test-method signature="searchCarAndVerifyDetailsFile1(java.lang.String, co.uk.cartaxcheck.dataobjects.CarDetails)[pri:0, instance:co.uk.cartaxcheck.tests.FreeCarCheckTests@68e5eea7]" started-at="2021-05-10T10:15:13Z" name="searchCarAndVerifyDetailsFile1" data-provider="getCarRegistrtionData" finished-at="2021-05-10T10:15:19Z" duration-ms="5393" status="PASS">
          <params>
            <param index="0">
              <value>
                <![CDATA[DN09HRM]]>
              </value>
            </param>
            <param index="1">
              <value>
                <![CDATA[co.uk.cartaxcheck.dataobjects.CarDetails@52d10fb8]]>
              </value>
            </param>
          </params>
          <reporter-output>
          </reporter-output>
        </test-method> <!-- searchCarAndVerifyDetailsFile1 -->
        <test-method is-config="true" signature="logResult(org.testng.ITestResult)[pri:0, instance:co.uk.cartaxcheck.tests.FreeCarCheckTests@68e5eea7]" started-at="2021-05-10T10:15:19Z" name="logResult" finished-at="2021-05-10T10:15:20Z" duration-ms="1526" status="PASS">
          <params>
            <param index="0">
              <value>
                <![CDATA[[TestResult name=searchCarAndVerifyDetailsFile1 status=SUCCESS method=FreeCarCheckTests.searchCarAndVerifyDetailsFile1(java.lang.String, co.uk.cartaxcheck.dataobjects.CarDetails)[pri:0, instance:co.uk.cartaxcheck.tests.FreeCarCheckTests@68e5eea7] output={null}]]]>
              </value>
            </param>
          </params>
          <reporter-output>
          </reporter-output>
        </test-method> <!-- logResult -->
        <test-method is-config="true" signature="setUp(java.lang.String, java.lang.String)[pri:0, instance:co.uk.cartaxcheck.tests.FreeCarCheckTests@68e5eea7]" started-at="2021-05-10T10:15:20Z" name="setUp" finished-at="2021-05-10T10:15:35Z" duration-ms="14335" status="PASS">
          <params>
            <param index="0">
              <value>
                <![CDATA[chrome]]>
              </value>
            </param>
            <param index="1">
              <value>
                <![CDATA[https://cartaxcheck.co.uk/]]>
              </value>
            </param>
          </params>
          <reporter-output>
          </reporter-output>
        </test-method> <!-- setUp -->
        <test-method signature="searchCarAndVerifyDetailsFile1(java.lang.String, co.uk.cartaxcheck.dataobjects.CarDetails)[pri:0, instance:co.uk.cartaxcheck.tests.FreeCarCheckTests@68e5eea7]" started-at="2021-05-10T10:15:35Z" name="searchCarAndVerifyDetailsFile1" data-provider="getCarRegistrtionData" finished-at="2021-05-10T10:15:37Z" duration-ms="2090" status="FAIL">
          <params>
            <param index="0">
              <value>
                <![CDATA[BW57 BOW]]>
              </value>
            </param>
            <param index="1">
              <value is-null="true"/>
            </param>
          </params>
          <exception class="java.lang.NullPointerException">
            <full-stacktrace>
              <![CDATA[java.lang.NullPointerException
at co.uk.cartaxcheck.tests.FreeCarCheckTests.searchCarAndVerifyDetailsFile1(FreeCarCheckTests.java:31)
at java.base/jdk.internal.reflect.NativeMethodAccessorImpl.invoke0(Native Method)
at java.base/jdk.internal.reflect.NativeMethodAccessorImpl.invoke(NativeMethodAccessorImpl.java:62)
at java.base/jdk.internal.reflect.DelegatingMethodAccessorImpl.invoke(DelegatingMethodAccessorImpl.java:43)
at java.base/java.lang.reflect.Method.invoke(Method.java:566)
at org.testng.internal.MethodInvocationHelper.invokeMethod(MethodInvocationHelper.java:124)
at org.testng.internal.Invoker.invokeMethod(Invoker.java:583)
at org.testng.internal.Invoker.invokeTestMethod(Invoker.java:719)
at org.testng.internal.Invoker.invokeTestMethods(Invoker.java:989)
at org.testng.internal.TestMethodWorker.invokeTestMethods(TestMethodWorker.java:125)
at org.testng.internal.TestMethodWorker.run(TestMethodWorker.java:109)
at org.testng.TestRunner.privateRun(TestRunner.java:648)
at org.testng.TestRunner.run(TestRunner.java:505)
at org.testng.SuiteRunner.runTest(SuiteRunner.java:455)
at org.testng.SuiteRunner.runSequentially(SuiteRunner.java:450)
at org.testng.SuiteRunner.privateRun(SuiteRunner.java:415)
at org.testng.SuiteRunner.run(SuiteRunner.java:364)
at org.testng.SuiteRunnerWorker.runSuite(SuiteRunnerWorker.java:52)
at org.testng.SuiteRunnerWorker.run(SuiteRunnerWorker.java:84)
at org.testng.TestNG.runSuitesSequentially(TestNG.java:1208)
at org.testng.TestNG.runSuitesLocally(TestNG.java:1137)
at org.testng.TestNG.runSuites(TestNG.java:1049)
at org.testng.TestNG.run(TestNG.java:1017)
at org.testng.remote.AbstractRemoteTestNG.run(AbstractRemoteTestNG.java:115)
at org.testng.remote.RemoteTestNG.initAndRun(RemoteTestNG.java:251)
at org.testng.remote.RemoteTestNG.main(RemoteTestNG.java:77)
]]>
            </full-stacktrace>
          </exception> <!-- java.lang.NullPointerException -->
          <reporter-output>
          </reporter-output>
        </test-method> <!-- searchCarAndVerifyDetailsFile1 -->
        <test-method is-config="true" signature="logResult(org.testng.ITestResult)[pri:0, instance:co.uk.cartaxcheck.tests.FreeCarCheckTests@68e5eea7]" started-at="2021-05-10T10:15:37Z" name="logResult" finished-at="2021-05-10T10:15:39Z" duration-ms="2044" status="PASS">
          <params>
            <param index="0">
              <value>
                <![CDATA[[TestResult name=searchCarAndVerifyDetailsFile1 status=FAILURE method=FreeCarCheckTests.searchCarAndVerifyDetailsFile1(java.lang.String, co.uk.cartaxcheck.dataobjects.CarDetails)[pri:0, instance:co.uk.cartaxcheck.tests.FreeCarCheckTests@68e5eea7] output={null}]]]>
              </value>
            </param>
          </params>
          <reporter-output>
          </reporter-output>
        </test-method> <!-- logResult -->
        <test-method is-config="true" signature="setUp(java.lang.String, java.lang.String)[pri:0, instance:co.uk.cartaxcheck.tests.FreeCarCheckTests@68e5eea7]" started-at="2021-05-10T10:15:39Z" name="setUp" finished-at="2021-05-10T10:15:46Z" duration-ms="7080" status="PASS">
          <params>
            <param index="0">
              <value>
                <![CDATA[chrome]]>
              </value>
            </param>
            <param index="1">
              <value>
                <![CDATA[https://cartaxcheck.co.uk/]]>
              </value>
            </param>
          </params>
          <reporter-output>
          </reporter-output>
        </test-method> <!-- setUp -->
        <test-method signature="searchCarAndVerifyDetailsFile1(java.lang.String, co.uk.cartaxcheck.dataobjects.CarDetails)[pri:0, instance:co.uk.cartaxcheck.tests.FreeCarCheckTests@68e5eea7]" started-at="2021-05-10T10:15:46Z" name="searchCarAndVerifyDetailsFile1" data-provider="getCarRegistrtionData" finished-at="2021-05-10T10:15:50Z" duration-ms="4434" status="PASS">
          <params>
            <param index="0">
              <value>
                <![CDATA[KT17DLX]]>
              </value>
            </param>
            <param index="1">
              <value>
                <![CDATA[co.uk.cartaxcheck.dataobjects.CarDetails@f8f56b9]]>
              </value>
            </param>
          </params>
          <reporter-output>
          </reporter-output>
        </test-method> <!-- searchCarAndVerifyDetailsFile1 -->
        <test-method is-config="true" signature="logResult(org.testng.ITestResult)[pri:0, instance:co.uk.cartaxcheck.tests.FreeCarCheckTests@68e5eea7]" started-at="2021-05-10T10:15:50Z" name="logResult" finished-at="2021-05-10T10:15:52Z" duration-ms="1314" status="PASS">
          <params>
            <param index="0">
              <value>
                <![CDATA[[TestResult name=searchCarAndVerifyDetailsFile1 status=SUCCESS method=FreeCarCheckTests.searchCarAndVerifyDetailsFile1(java.lang.String, co.uk.cartaxcheck.dataobjects.CarDetails)[pri:0, instance:co.uk.cartaxcheck.tests.FreeCarCheckTests@68e5eea7] output={null}]]]>
              </value>
            </param>
          </params>
          <reporter-output>
          </reporter-output>
        </test-method> <!-- logResult -->
        <test-method is-config="true" signature="setUp(java.lang.String, java.lang.String)[pri:0, instance:co.uk.cartaxcheck.tests.FreeCarCheckTests@68e5eea7]" started-at="2021-05-10T10:15:52Z" name="setUp" finished-at="2021-05-10T10:15:59Z" duration-ms="7269" status="PASS">
          <params>
            <param index="0">
              <value>
                <![CDATA[chrome]]>
              </value>
            </param>
            <param index="1">
              <value>
                <![CDATA[https://cartaxcheck.co.uk/]]>
              </value>
            </param>
          </params>
          <reporter-output>
          </reporter-output>
        </test-method> <!-- setUp -->
        <test-method signature="searchCarAndVerifyDetailsFile1(java.lang.String, co.uk.cartaxcheck.dataobjects.CarDetails)[pri:0, instance:co.uk.cartaxcheck.tests.FreeCarCheckTests@68e5eea7]" started-at="2021-05-10T10:15:59Z" name="searchCarAndVerifyDetailsFile1" data-provider="getCarRegistrtionData" finished-at="2021-05-10T10:16:09Z" duration-ms="10093" status="PASS">
          <params>
            <param index="0">
              <value>
                <![CDATA[SG18 HTN]]>
              </value>
            </param>
            <param index="1">
              <value>
                <![CDATA[co.uk.cartaxcheck.dataobjects.CarDetails@35fb22a9]]>
              </value>
            </param>
          </params>
          <reporter-output>
          </reporter-output>
        </test-method> <!-- searchCarAndVerifyDetailsFile1 -->
        <test-method is-config="true" signature="logResult(org.testng.ITestResult)[pri:0, instance:co.uk.cartaxcheck.tests.FreeCarCheckTests@68e5eea7]" started-at="2021-05-10T10:16:09Z" name="logResult" finished-at="2021-05-10T10:16:10Z" duration-ms="1205" status="PASS">
          <params>
            <param index="0">
              <value>
                <![CDATA[[TestResult name=searchCarAndVerifyDetailsFile1 status=SUCCESS method=FreeCarCheckTests.searchCarAndVerifyDetailsFile1(java.lang.String, co.uk.cartaxcheck.dataobjects.CarDetails)[pri:0, instance:co.uk.cartaxcheck.tests.FreeCarCheckTests@68e5eea7] output={null}]]]>
              </value>
            </param>
          </params>
          <reporter-output>
          </reporter-output>
        </test-method> <!-- logResult -->
        <test-method is-config="true" signature="generateReport()[pri:0, instance:co.uk.cartaxcheck.tests.FreeCarCheckTests@68e5eea7]" started-at="2021-05-10T10:16:10Z" name="generateReport" finished-at="2021-05-10T10:16:11Z" duration-ms="1103" status="PASS">
          <reporter-output>
          </reporter-output>
        </test-method> <!-- generateReport -->
      </class> <!-- co.uk.cartaxcheck.tests.FreeCarCheckTests -->
    </test> <!-- Test -->
  </suite> <!-- CartaxCheckSuite -->
</testng-results>
