<?xml version="1.0" encoding="UTF-8"?>
<!-- Generated by org.testng.reporters.JUnitXMLReporter -->
<testsuite ignored="0" hostname="SitaRama" failures="1" tests="4" name="Test" time="88.193" errors="0" timestamp="10 May 2021 10:16:10 GMT">
  <testcase classname="co.uk.cartaxcheck.tests.FreeCarCheckTests" name="searchCarAndVerifyDetailsFile1" time="5.393"/>
  <testcase classname="co.uk.cartaxcheck.tests.FreeCarCheckTests" name="searchCarAndVerifyDetailsFile1" time="2.09">
    <failure type="java.lang.NullPointerException">
      <![CDATA[java.lang.NullPointerException
at co.uk.cartaxcheck.tests.FreeCarCheckTests.searchCarAndVerifyDetailsFile1(FreeCarCheckTests.java:31)
... Removed 25 stack frames]]>
    </failure>
  </testcase> <!-- searchCarAndVerifyDetailsFile1 -->
  <testcase classname="co.uk.cartaxcheck.tests.FreeCarCheckTests" name="searchCarAndVerifyDetailsFile1" time="4.434"/>
  <testcase classname="co.uk.cartaxcheck.tests.FreeCarCheckTests" name="searchCarAndVerifyDetailsFile1" time="10.093"/>
</testsuite> <!-- Test -->
